kotlin version: 2.2.0
error message: java.lang.RuntimeException: Exception while generating code for:
FUN LOCAL_FUNCTION_FOR_LAMBDA name:SmoothBottomBarComposable$lambda$16$lambda$15 visibility:private modality:FINAL returnType:@[FlexibleNullability] me.ibrahimsn.lib.SmoothBottomBar?
  VALUE_PARAMETER BOUND_VALUE_PARAMETER kind:Regular name:$selectedTab index:0 type:com.rishitgoklani.aptosdex.presentation.home.HomeTab
  VALUE_PARAMETER BOUND_VALUE_PARAMETER kind:Regular name:$onTabSelected index:1 type:kotlin.Function1<com.rishitgoklani.aptosdex.presentation.home.HomeTab, kotlin.Unit>
  VALUE_PARAMETER kind:Regular name:context index:2 type:android.content.Context
  BLOCK_BODY
    VAR name:layoutInflater type:@[FlexibleNullability] android.view.LayoutInflater? [val]
      CALL 'public open fun from (p0: @[FlexibleNullability] android.content.Context?): @[FlexibleNullability] android.view.LayoutInflater? declared in android.view.LayoutInflater' type=@[FlexibleNullability] android.view.LayoutInflater? origin=null
        ARG p0: GET_VAR 'context: android.content.Context declared in com.rishitgoklani.aptosdex.presentation.home.HomeScreenKt.SmoothBottomBarComposable$lambda$16$lambda$15' type=android.content.Context origin=null
    VAR name:view type:@[FlexibleNullability] android.view.View? [val]
      CALL 'public open fun inflate (p0: kotlin.Int, p1: @[EnhancedNullability] android.view.ViewGroup?): @[FlexibleNullability] android.view.View? declared in android.view.LayoutInflater' type=@[FlexibleNullability] android.view.View? origin=null
        ARG <this>: GET_VAR 'val layoutInflater: @[FlexibleNullability] android.view.LayoutInflater? [val] declared in com.rishitgoklani.aptosdex.presentation.home.HomeScreenKt.SmoothBottomBarComposable$lambda$16$lambda$15' type=@[FlexibleNullability] android.view.LayoutInflater? origin=null
        ARG p0: GET_FIELD 'FIELD IR_EXTERNAL_JAVA_DECLARATION_STUB name:smooth_bottom_bar type:kotlin.Int visibility:public [static] declared in com.rishitgoklani.aptosdex.R.layout' type=kotlin.Int superQualifierSymbol=com.rishitgoklani.aptosdex.R.layout origin=null
        ARG p1: CONST Null type=kotlin.Nothing? value=null
    VAR name:smoothBottomBar type:@[FlexibleNullability] me.ibrahimsn.lib.SmoothBottomBar? [val]
      CALL 'public final fun findViewById <T> (p0: kotlin.Int): @[FlexibleNullability] T of android.view.View.findViewById? declared in android.view.View' type=@[FlexibleNullability] me.ibrahimsn.lib.SmoothBottomBar? origin=null
        TYPE_ARG T: @[FlexibleNullability] me.ibrahimsn.lib.SmoothBottomBar?
        ARG <this>: GET_VAR 'val view: @[FlexibleNullability] android.view.View? [val] declared in com.rishitgoklani.aptosdex.presentation.home.HomeScreenKt.SmoothBottomBarComposable$lambda$16$lambda$15' type=@[FlexibleNullability] android.view.View? origin=null
        ARG p0: GET_FIELD 'FIELD IR_EXTERNAL_JAVA_DECLARATION_STUB name:smoothBottomBar type:kotlin.Int visibility:public [static] declared in com.rishitgoklani.aptosdex.R.id' type=kotlin.Int superQualifierSymbol=com.rishitgoklani.aptosdex.R.id origin=null
    COMPOSITE type=kotlin.Unit origin=null
      CALL 'public final fun apply <T> (<this>: T of kotlin.StandardKt.apply, block: @[ExtensionFunctionType] kotlin.Function1<T of kotlin.StandardKt.apply, kotlin.Unit>): T of kotlin.StandardKt.apply [inline] declared in kotlin.StandardKt' type=@[FlexibleNullability] me.ibrahimsn.lib.SmoothBottomBar? origin=null
        TYPE_ARG T: @[FlexibleNullability] me.ibrahimsn.lib.SmoothBottomBar?
        ARG <this>: GET_VAR 'val smoothBottomBar: @[FlexibleNullability] me.ibrahimsn.lib.SmoothBottomBar? [val] declared in com.rishitgoklani.aptosdex.presentation.home.HomeScreenKt.SmoothBottomBarComposable$lambda$16$lambda$15' type=@[FlexibleNullability] me.ibrahimsn.lib.SmoothBottomBar? origin=null
        ARG block: BLOCK type=@[ExtensionFunctionType] kotlin.Function1<@[FlexibleNullability] me.ibrahimsn.lib.SmoothBottomBar?, kotlin.Unit> origin=LAMBDA
          COMPOSITE type=kotlin.Unit origin=null
          FUNCTION_REFERENCE 'private final fun SmoothBottomBarComposable$lambda$16$lambda$15$lambda$14 ($this$apply: @[FlexibleNullability] me.ibrahimsn.lib.SmoothBottomBar?, $selectedTab: com.rishitgoklani.aptosdex.presentation.home.HomeTab, $onTabSelected: kotlin.Function1<com.rishitgoklani.aptosdex.presentation.home.HomeTab, kotlin.Unit>): kotlin.Unit declared in com.rishitgoklani.aptosdex.presentation.home.HomeScreenKt' type=@[ExtensionFunctionType] kotlin.Function1<@[FlexibleNullability] me.ibrahimsn.lib.SmoothBottomBar?, kotlin.Unit> origin=INLINE_LAMBDA reflectionTarget=null
            ARG $selectedTab: GET_VAR '$selectedTab: com.rishitgoklani.aptosdex.presentation.home.HomeTab declared in com.rishitgoklani.aptosdex.presentation.home.HomeScreenKt.SmoothBottomBarComposable$lambda$16$lambda$15' type=com.rishitgoklani.aptosdex.presentation.home.HomeTab origin=null
            ARG $onTabSelected: GET_VAR '$onTabSelected: kotlin.Function1<com.rishitgoklani.aptosdex.presentation.home.HomeTab, kotlin.Unit> declared in com.rishitgoklani.aptosdex.presentation.home.HomeScreenKt.SmoothBottomBarComposable$lambda$16$lambda$15' type=kotlin.Function1<com.rishitgoklani.aptosdex.presentation.home.HomeTab, kotlin.Unit> origin=null
      COMPOSITE type=kotlin.Unit origin=null
    RETURN type=kotlin.Nothing from='private final fun SmoothBottomBarComposable$lambda$16$lambda$15 ($selectedTab: com.rishitgoklani.aptosdex.presentation.home.HomeTab, $onTabSelected: kotlin.Function1<com.rishitgoklani.aptosdex.presentation.home.HomeTab, kotlin.Unit>, context: android.content.Context): @[FlexibleNullability] me.ibrahimsn.lib.SmoothBottomBar? declared in com.rishitgoklani.aptosdex.presentation.home.HomeScreenKt'
      GET_VAR 'val smoothBottomBar: @[FlexibleNullability] me.ibrahimsn.lib.SmoothBottomBar? [val] declared in com.rishitgoklani.aptosdex.presentation.home.HomeScreenKt.SmoothBottomBarComposable$lambda$16$lambda$15' type=@[FlexibleNullability] me.ibrahimsn.lib.SmoothBottomBar? origin=null

	at org.jetbrains.kotlin.backend.jvm.codegen.FunctionCodegen.generate(FunctionCodegen.kt:50)
	at org.jetbrains.kotlin.backend.jvm.codegen.FunctionCodegen.generate$default(FunctionCodegen.kt:43)
	at org.jetbrains.kotlin.backend.jvm.codegen.ClassCodegen.generateMethodNode(ClassCodegen.kt:422)
	at org.jetbrains.kotlin.backend.jvm.codegen.ClassCodegen.generateMethod(ClassCodegen.kt:439)
	at org.jetbrains.kotlin.backend.jvm.codegen.ClassCodegen.generate(ClassCodegen.kt:164)
	at org.jetbrains.kotlin.backend.jvm.JvmIrCodegenFactory.generateFile(JvmIrCodegenFactory.kt:419)
	at org.jetbrains.kotlin.backend.jvm.JvmIrCodegenFactory.invokeCodegen(JvmIrCodegenFactory.kt:388)
	at org.jetbrains.kotlin.cli.jvm.compiler.KotlinToJVMBytecodeCompiler.runCodegen$cli(KotlinToJVMBytecodeCompiler.kt:432)
	at org.jetbrains.kotlin.cli.pipeline.jvm.JvmBackendPipelinePhase.executePhase(JvmBackendPipelinePhase.kt:95)
	at org.jetbrains.kotlin.cli.pipeline.jvm.JvmBackendPipelinePhase.executePhase(JvmBackendPipelinePhase.kt:36)
	at org.jetbrains.kotlin.cli.pipeline.jvm.JvmBackendPipelinePhase.executePhase(JvmBackendPipelinePhase.kt:29)
	at org.jetbrains.kotlin.cli.pipeline.PipelinePhase.phaseBody(PipelinePhase.kt:68)
	at org.jetbrains.kotlin.cli.pipeline.PipelinePhase.phaseBody(PipelinePhase.kt:58)
	at org.jetbrains.kotlin.config.phaser.NamedCompilerPhase.invoke(CompilerPhase.kt:102)
	at org.jetbrains.kotlin.backend.common.phaser.CompositePhase.invoke(PhaseBuilders.kt:22)
	at org.jetbrains.kotlin.config.phaser.CompilerPhaseKt.invokeToplevel(CompilerPhase.kt:53)
	at org.jetbrains.kotlin.cli.pipeline.AbstractCliPipeline.runPhasedPipeline(AbstractCliPipeline.kt:109)
	at org.jetbrains.kotlin.cli.pipeline.AbstractCliPipeline.execute(AbstractCliPipeline.kt:68)
	at org.jetbrains.kotlin.cli.jvm.K2JVMCompiler.doExecutePhased(K2JVMCompiler.kt:78)
	at org.jetbrains.kotlin.cli.jvm.K2JVMCompiler.doExecutePhased(K2JVMCompiler.kt:44)
	at org.jetbrains.kotlin.cli.common.CLICompiler.execImpl(CLICompiler.kt:90)
	at org.jetbrains.kotlin.cli.common.CLICompiler.exec(CLICompiler.kt:352)
	at org.jetbrains.kotlin.incremental.IncrementalJvmCompilerRunnerBase.runCompiler(IncrementalJvmCompilerRunnerBase.kt:175)
	at org.jetbrains.kotlin.incremental.IncrementalJvmCompilerRunnerBase.runCompiler(IncrementalJvmCompilerRunnerBase.kt:38)
	at org.jetbrains.kotlin.incremental.IncrementalCompilerRunner.doCompile(IncrementalCompilerRunner.kt:504)
	at org.jetbrains.kotlin.incremental.IncrementalCompilerRunner.compileImpl(IncrementalCompilerRunner.kt:421)
	at org.jetbrains.kotlin.incremental.IncrementalCompilerRunner.tryCompileIncrementally$lambda$10$compile(IncrementalCompilerRunner.kt:254)
	at org.jetbrains.kotlin.incremental.IncrementalCompilerRunner.tryCompileIncrementally(IncrementalCompilerRunner.kt:272)
	at org.jetbrains.kotlin.incremental.IncrementalCompilerRunner.compile(IncrementalCompilerRunner.kt:124)
	at org.jetbrains.kotlin.daemon.CompileServiceImplBase.execIncrementalCompiler(CompileServiceImpl.kt:679)
	at org.jetbrains.kotlin.daemon.CompileServiceImplBase.access$execIncrementalCompiler(CompileServiceImpl.kt:93)
	at org.jetbrains.kotlin.daemon.CompileServiceImpl.compile(CompileServiceImpl.kt:1806)
	at java.base/jdk.internal.reflect.DirectMethodHandleAccessor.invoke(DirectMethodHandleAccessor.java:103)
	at java.base/java.lang.reflect.Method.invoke(Method.java:580)
	at java.rmi/sun.rmi.server.UnicastServerRef.dispatch(UnicastServerRef.java:360)
	at java.rmi/sun.rmi.transport.Transport$1.run(Transport.java:200)
	at java.rmi/sun.rmi.transport.Transport$1.run(Transport.java:197)
	at java.base/java.security.AccessController.doPrivileged(AccessController.java:714)
	at java.rmi/sun.rmi.transport.Transport.serviceCall(Transport.java:196)
	at java.rmi/sun.rmi.transport.tcp.TCPTransport.handleMessages(TCPTransport.java:598)
	at java.rmi/sun.rmi.transport.tcp.TCPTransport$ConnectionHandler.run0(TCPTransport.java:844)
	at java.rmi/sun.rmi.transport.tcp.TCPTransport$ConnectionHandler.lambda$run$0(TCPTransport.java:721)
	at java.base/java.security.AccessController.doPrivileged(AccessController.java:400)
	at java.rmi/sun.rmi.transport.tcp.TCPTransport$ConnectionHandler.run(TCPTransport.java:720)
	at java.base/java.util.concurrent.ThreadPoolExecutor.runWorker(ThreadPoolExecutor.java:1144)
	at java.base/java.util.concurrent.ThreadPoolExecutor$Worker.run(ThreadPoolExecutor.java:642)
	at java.base/java.lang.Thread.run(Thread.java:1583)
Caused by: java.lang.RuntimeException: Exception while generating code for:
FUN INLINE_LAMBDA name:SmoothBottomBarComposable$lambda$16$lambda$15$lambda$14 visibility:private modality:FINAL returnType:kotlin.Unit
  VALUE_PARAMETER kind:ExtensionReceiver name:$this$apply index:0 type:@[FlexibleNullability] me.ibrahimsn.lib.SmoothBottomBar?
  VALUE_PARAMETER BOUND_VALUE_PARAMETER kind:Regular name:$selectedTab index:1 type:com.rishitgoklani.aptosdex.presentation.home.HomeTab
  VALUE_PARAMETER BOUND_VALUE_PARAMETER kind:Regular name:$onTabSelected index:2 type:kotlin.Function1<com.rishitgoklani.aptosdex.presentation.home.HomeTab, kotlin.Unit>
  BLOCK_BODY
    VAR name:$i$a$-apply-HomeScreenKt$SmoothBottomBarComposable$1$1$1 type:kotlin.Int [val]
      CONST Int type=kotlin.Int value=0
    CALL 'public final fun <set-itemActiveIndex> (value: kotlin.Int): kotlin.Unit declared in me.ibrahimsn.lib.SmoothBottomBar' type=kotlin.Unit origin=EQ
      ARG <this>: GET_VAR '$this$apply: @[FlexibleNullability] me.ibrahimsn.lib.SmoothBottomBar? declared in com.rishitgoklani.aptosdex.presentation.home.HomeScreenKt.SmoothBottomBarComposable$lambda$16$lambda$15$lambda$14' type=@[FlexibleNullability] me.ibrahimsn.lib.SmoothBottomBar? origin=null
      ARG value: CALL 'public final fun <get-position> (): kotlin.Int declared in com.rishitgoklani.aptosdex.presentation.home.HomeTab' type=kotlin.Int origin=GET_PROPERTY
        ARG <this>: GET_VAR '$selectedTab: com.rishitgoklani.aptosdex.presentation.home.HomeTab declared in com.rishitgoklani.aptosdex.presentation.home.HomeScreenKt.SmoothBottomBarComposable$lambda$16$lambda$15$lambda$14' type=com.rishitgoklani.aptosdex.presentation.home.HomeTab origin=null
    CALL 'public final fun <set-barBackgroundColor> (value: kotlin.Int): kotlin.Unit declared in me.ibrahimsn.lib.SmoothBottomBar' type=kotlin.Unit origin=EQ
      ARG <this>: GET_VAR '$this$apply: @[FlexibleNullability] me.ibrahimsn.lib.SmoothBottomBar? declared in com.rishitgoklani.aptosdex.presentation.home.HomeScreenKt.SmoothBottomBarComposable$lambda$16$lambda$15$lambda$14' type=@[FlexibleNullability] me.ibrahimsn.lib.SmoothBottomBar? origin=null
      ARG value: CONST Int type=kotlin.Int value=-1
    CALL 'public final fun <set-barIndicatorColor> (value: kotlin.Int): kotlin.Unit declared in me.ibrahimsn.lib.SmoothBottomBar' type=kotlin.Unit origin=EQ
      ARG <this>: GET_VAR '$this$apply: @[FlexibleNullability] me.ibrahimsn.lib.SmoothBottomBar? declared in com.rishitgoklani.aptosdex.presentation.home.HomeScreenKt.SmoothBottomBarComposable$lambda$16$lambda$15$lambda$14' type=@[FlexibleNullability] me.ibrahimsn.lib.SmoothBottomBar? origin=null
      ARG value: CONST Int type=kotlin.Int value=-16777216
    TRY type=kotlin.Unit
      try: BLOCK type=kotlin.Unit origin=null
        SET_FIELD 'FIELD IR_EXTERNAL_JAVA_DECLARATION_STUB name:textColor type:kotlin.Int visibility:public [final,static] declared in android.R.attr' type=kotlin.Unit superQualifierSymbol=android.R.attr origin=EQ
          value: CONST Int type=kotlin.Int value=-16777216
      CATCH parameter=val e: java.lang.Exception [val] declared in com.rishitgoklani.aptosdex.presentation.home.HomeScreenKt.SmoothBottomBarComposable$lambda$16$lambda$15$lambda$14
        VAR CATCH_PARAMETER name:e type:java.lang.Exception [val]
        BLOCK type=kotlin.Unit origin=null
    TRY type=kotlin.Unit
      try: BLOCK type=kotlin.Unit origin=null
        SET_FIELD 'FIELD IR_EXTERNAL_JAVA_DECLARATION_STUB name:iconTint type:kotlin.Int visibility:public [final,static] declared in android.R.attr' type=kotlin.Unit superQualifierSymbol=android.R.attr origin=EQ
          value: CONST Int type=kotlin.Int value=-16777216
      CATCH parameter=val e: java.lang.Exception [val] declared in com.rishitgoklani.aptosdex.presentation.home.HomeScreenKt.SmoothBottomBarComposable$lambda$16$lambda$15$lambda$14
        VAR CATCH_PARAMETER name:e type:java.lang.Exception [val]
        BLOCK type=kotlin.Unit origin=null
    CALL 'public final fun <set-onItemSelected> (<set-?>: kotlin.Function1<kotlin.Int, kotlin.Unit>?): kotlin.Unit declared in me.ibrahimsn.lib.SmoothBottomBar' type=kotlin.Unit origin=EQ
      ARG <this>: GET_VAR '$this$apply: @[FlexibleNullability] me.ibrahimsn.lib.SmoothBottomBar? declared in com.rishitgoklani.aptosdex.presentation.home.HomeScreenKt.SmoothBottomBarComposable$lambda$16$lambda$15$lambda$14' type=@[FlexibleNullability] me.ibrahimsn.lib.SmoothBottomBar? origin=null
      ARG <set-?>: BLOCK type=kotlin.Function1<kotlin.Int, kotlin.Unit> origin=LAMBDA
        COMPOSITE type=kotlin.Unit origin=null
        CALL 'public final fun <jvm-indy> <T> (dynamicCall: T of kotlin.jvm.internal.<jvm-indy>, bootstrapMethodHandle: kotlin.Any, vararg bootstrapMethodArguments: kotlin.Any): T of kotlin.jvm.internal.<jvm-indy> declared in kotlin.jvm.internal' type=kotlin.Function1<kotlin.Int, kotlin.Unit> origin=null
          TYPE_ARG T: kotlin.Function1<kotlin.Int, kotlin.Unit>
          ARG dynamicCall: CALL 'public final fun invoke (p0: kotlin.Function1<com.rishitgoklani.aptosdex.presentation.home.HomeTab, kotlin.Unit>): kotlin.Function1<kotlin.Int, kotlin.Unit> declared in kotlin.jvm.internal.invokeDynamic' type=kotlin.Function1<kotlin.Int, kotlin.Unit> origin=null
            ARG p0: GET_VAR '$onTabSelected: kotlin.Function1<com.rishitgoklani.aptosdex.presentation.home.HomeTab, kotlin.Unit> declared in com.rishitgoklani.aptosdex.presentation.home.HomeScreenKt.SmoothBottomBarComposable$lambda$16$lambda$15$lambda$14' type=kotlin.Function1<com.rishitgoklani.aptosdex.presentation.home.HomeTab, kotlin.Unit> origin=null
          ARG bootstrapMethodHandle: CALL 'public final fun <jvm-method-handle> (tag: kotlin.Int, owner: kotlin.String, name: kotlin.String, descriptor: kotlin.String, isInterface: kotlin.Boolean): kotlin.Any declared in kotlin.jvm.internal' type=kotlin.Any origin=null
            ARG tag: CONST Int type=kotlin.Int value=6
            ARG owner: CONST String type=kotlin.String value="java/lang/invoke/LambdaMetafactory"
            ARG name: CONST String type=kotlin.String value="metafactory"
            ARG descriptor: CONST String type=kotlin.String value="(Ljava/lang/invoke/MethodHandles$Lookup;Ljava/lang/String;Ljava/lang/invoke/MethodType;Ljava/lang/invoke/MethodType;Ljava/lang/invoke/MethodHandle;Ljava/lang/invoke/MethodType;)Ljava/lang/invoke/CallSite;"
            ARG isInterface: CONST Boolean type=kotlin.Boolean value=false
          ARG bootstrapMethodArguments: VARARG type=kotlin.Array<kotlin.Any> varargElementType=kotlin.Any
            CALL 'public final fun <jvm-original-method-type> (method: kotlin.Any): kotlin.Any declared in kotlin.jvm.internal' type=kotlin.Any origin=null
              ARG method: RAW_FUNCTION_REFERENCE 'public abstract fun invoke (p1: P1 of kotlin.Function1): R of kotlin.Function1 [operator] declared in kotlin.Function1' type=kotlin.Any
            RAW_FUNCTION_REFERENCE 'private final fun SmoothBottomBarComposable$lambda$16$lambda$15$lambda$14$lambda$13 ($onTabSelected: kotlin.Function1<com.rishitgoklani.aptosdex.presentation.home.HomeTab, kotlin.Unit>, position: kotlin.Int): kotlin.Unit? declared in com.rishitgoklani.aptosdex.presentation.home.HomeScreenKt' type=kotlin.Any
            CALL 'public final fun <jvm-original-method-type> (method: kotlin.Any): kotlin.Any declared in kotlin.jvm.internal' type=kotlin.Any origin=null
              ARG method: RAW_FUNCTION_REFERENCE 'public abstract fun invoke (p1: kotlin.Int?): kotlin.Unit? [fake_override,operator] declared in kotlin.jvm.internal.invokeDynamic.<fake>' type=kotlin.Any

	at org.jetbrains.kotlin.backend.jvm.codegen.FunctionCodegen.generate(FunctionCodegen.kt:50)
	at org.jetbrains.kotlin.backend.jvm.codegen.IrSourceCompilerForInline.generateLambdaBody(IrSourceCompilerForInline.kt:72)
	at org.jetbrains.kotlin.codegen.inline.ExpressionLambda.generateLambdaBody(LambdaInfo.kt:72)
	at org.jetbrains.kotlin.backend.jvm.codegen.IrInlineCodegen.genValueAndPut(IrInlineCodegen.kt:122)
	at org.jetbrains.kotlin.backend.jvm.codegen.ExpressionCodegen.visitCall$handleParameter(ExpressionCodegen.kt:564)
	at org.jetbrains.kotlin.backend.jvm.codegen.ExpressionCodegen.visitCall(ExpressionCodegen.kt:577)
	at org.jetbrains.kotlin.backend.jvm.codegen.ExpressionCodegen.visitCall(ExpressionCodegen.kt:135)
	at org.jetbrains.kotlin.ir.expressions.IrCall.accept(IrCall.kt:24)
	at org.jetbrains.kotlin.backend.jvm.codegen.ExpressionCodegen.visitStatementContainer(ExpressionCodegen.kt:527)
	at org.jetbrains.kotlin.backend.jvm.codegen.ExpressionCodegen.visitContainerExpression(ExpressionCodegen.kt:541)
	at org.jetbrains.kotlin.backend.jvm.codegen.ExpressionCodegen.visitContainerExpression(ExpressionCodegen.kt:135)
	at org.jetbrains.kotlin.ir.visitors.IrVisitor.visitComposite(IrVisitor.kt:125)
	at org.jetbrains.kotlin.ir.expressions.IrComposite.accept(IrComposite.kt:18)
	at org.jetbrains.kotlin.backend.jvm.codegen.ExpressionCodegen.visitStatementContainer(ExpressionCodegen.kt:527)
	at org.jetbrains.kotlin.backend.jvm.codegen.ExpressionCodegen.visitBlockBody(ExpressionCodegen.kt:532)
	at org.jetbrains.kotlin.backend.jvm.codegen.ExpressionCodegen.visitBlockBody(ExpressionCodegen.kt:135)
	at org.jetbrains.kotlin.ir.expressions.IrBlockBody.accept(IrBlockBody.kt:20)
	at org.jetbrains.kotlin.backend.jvm.codegen.ExpressionCodegen.generate(ExpressionCodegen.kt:233)
	at org.jetbrains.kotlin.backend.jvm.codegen.FunctionCodegen.doGenerate(FunctionCodegen.kt:126)
	at org.jetbrains.kotlin.backend.jvm.codegen.FunctionCodegen.generate(FunctionCodegen.kt:47)
	... 46 more
Caused by: java.lang.AssertionError: access of const val: SET_FIELD 'FIELD IR_EXTERNAL_JAVA_DECLARATION_STUB name:textColor type:kotlin.Int visibility:public [final,static] declared in android.R.attr' type=kotlin.Unit superQualifierSymbol=android.R.attr origin=EQ
  value: CONST Int type=kotlin.Int value=-16777216

	at org.jetbrains.kotlin.backend.jvm.codegen.ExpressionCodegen.visitFieldAccess(ExpressionCodegen.kt:807)
	at org.jetbrains.kotlin.backend.jvm.codegen.ExpressionCodegen.visitFieldAccess(ExpressionCodegen.kt:135)
	at org.jetbrains.kotlin.ir.visitors.IrVisitor.visitSetField(IrVisitor.kt:215)
	at org.jetbrains.kotlin.backend.jvm.codegen.ExpressionCodegen.visitSetField(ExpressionCodegen.kt:858)
	at org.jetbrains.kotlin.backend.jvm.codegen.ExpressionCodegen.visitSetField(ExpressionCodegen.kt:135)
	at org.jetbrains.kotlin.ir.expressions.IrSetField.accept(IrSetField.kt:21)
	at org.jetbrains.kotlin.backend.jvm.codegen.ExpressionCodegen.visitStatementContainer(ExpressionCodegen.kt:527)
	at org.jetbrains.kotlin.backend.jvm.codegen.ExpressionCodegen.visitContainerExpression(ExpressionCodegen.kt:541)
	at org.jetbrains.kotlin.backend.jvm.codegen.ExpressionCodegen.visitContainerExpression(ExpressionCodegen.kt:135)
	at org.jetbrains.kotlin.ir.visitors.IrVisitor.visitBlock(IrVisitor.kt:122)
	at org.jetbrains.kotlin.backend.jvm.codegen.ExpressionCodegen.visitBlock(ExpressionCodegen.kt:413)
	at org.jetbrains.kotlin.backend.jvm.codegen.ExpressionCodegen.visitBlock(ExpressionCodegen.kt:135)
	at org.jetbrains.kotlin.ir.expressions.IrBlock.accept(IrBlock.kt:18)
	at org.jetbrains.kotlin.backend.jvm.codegen.ExpressionCodegen.visitTryWithInfo(ExpressionCodegen.kt:1287)
	at org.jetbrains.kotlin.backend.jvm.codegen.ExpressionCodegen.visitTry(ExpressionCodegen.kt:1278)
	at org.jetbrains.kotlin.backend.jvm.codegen.ExpressionCodegen.visitTry(ExpressionCodegen.kt:135)
	at org.jetbrains.kotlin.ir.expressions.IrTry.accept(IrTry.kt:26)
	at org.jetbrains.kotlin.backend.jvm.codegen.ExpressionCodegen.visitStatementContainer(ExpressionCodegen.kt:527)
	at org.jetbrains.kotlin.backend.jvm.codegen.ExpressionCodegen.visitBlockBody(ExpressionCodegen.kt:532)
	at org.jetbrains.kotlin.backend.jvm.codegen.ExpressionCodegen.visitBlockBody(ExpressionCodegen.kt:135)
	at org.jetbrains.kotlin.ir.expressions.IrBlockBody.accept(IrBlockBody.kt:20)
	at org.jetbrains.kotlin.backend.jvm.codegen.ExpressionCodegen.generate(ExpressionCodegen.kt:233)
	at org.jetbrains.kotlin.backend.jvm.codegen.FunctionCodegen.doGenerate(FunctionCodegen.kt:126)
	at org.jetbrains.kotlin.backend.jvm.codegen.FunctionCodegen.generate(FunctionCodegen.kt:47)
	... 65 more


